-------------------------------------------------------------------------------
Test set: com.featuredeliveryintelligence.fdi.product.realization.route.SpringRouteHandlerIndexTests
-------------------------------------------------------------------------------
Tests run: 20, Failures: 1, Errors: 0, Skipped: 0, Time elapsed: 1.878 s <<< FAILURE! -- in com.featuredeliveryintelligence.fdi.product.realization.route.SpringRouteHandlerIndexTests
com.featuredeliveryintelligence.fdi.product.realization.route.SpringRouteHandlerIndexTests.verifyFrozenRealWorldPutDeleteCoverage -- Time elapsed: 0.002 s <<< FAILURE!
org.opentest4j.AssertionFailedError: required system property is missing: sfbl005.realworld.checkout ==> expected: <true> but was: <false>
	at org.junit.jupiter.api.AssertionFailureBuilder.build(AssertionFailureBuilder.java:151)
	at org.junit.jupiter.api.AssertionFailureBuilder.buildAndThrow(AssertionFailureBuilder.java:132)
	at org.junit.jupiter.api.AssertTrue.failNotTrue(AssertTrue.java:63)
	at org.junit.jupiter.api.AssertTrue.assertTrue(AssertTrue.java:36)
	at org.junit.jupiter.api.Assertions.assertTrue(Assertions.java:214)
	at com.featuredeliveryintelligence.fdi.product.realization.route.SpringRouteHandlerIndexTests.requiredPathProperty(SpringRouteHandlerIndexTests.java:828)
	at com.featuredeliveryintelligence.fdi.product.realization.route.SpringRouteHandlerIndexTests.verifyFrozenRealWorldPutDeleteCoverage(SpringRouteHandlerIndexTests.java:265)
	at java.base/java.lang.reflect.Method.invoke(Method.java:569)
	at java.base/java.util.ArrayList.forEach(ArrayList.java:1511)
	at java.base/java.util.ArrayList.forEach(ArrayList.java:1511)

