<?xml version="1.0" encoding="UTF-8"?>
<testsuite xmlns:xsi="http://www.w3.org/2001/XMLSchema-instance" xsi:noNamespaceSchemaLocation="https://maven.apache.org/surefire/maven-surefire-plugin/xsd/surefire-test-report.xsd" version="3.0.2" name="com.featuredeliveryintelligence.fdi.product.realization.methodcalibration.SourceMethodIndexTests" time="0.03" tests="7" errors="0" skipped="0" failures="0">
  <properties>
[...]
</properties>
  <testcase name="abstainsOnInheritedOverloadAndCatchShadowing" classname="com.featuredeliveryintelligence.fdi.product.realization.methodcalibration.SourceMethodIndexTests" time="0.004"/>
  <testcase name="canonicalizesAndFindsOnlyUniqueSourceCalls" classname="com.featuredeliveryintelligence.fdi.product.realization.methodcalibration.SourceMethodIndexTests" time="0.008"/>
  <testcase name="excludesNestedDeferredAndAnonymousCalls" classname="com.featuredeliveryintelligence.fdi.product.realization.methodcalibration.SourceMethodIndexTests" time="0.005"/>
  <testcase name="abstainsOnDottedAliasesAndGenericShadowing" classname="com.featuredeliveryintelligence.fdi.product.realization.methodcalibration.SourceMethodIndexTests" time="0.006"/>
  <testcase name="variableArityOverloadCannotDisappearFromCandidateSet" classname="com.featuredeliveryintelligence.fdi.product.realization.methodcalibration.SourceMethodIndexTests" time="0.002"/>
  <testcase name="unknownParameterDoesNotHideAnOverload" classname="com.featuredeliveryintelligence.fdi.product.realization.methodcalibration.SourceMethodIndexTests" time="0.001"/>
  <testcase name="abstainsOnOverloadsAndShadowedUnknownReceivers" classname="com.featuredeliveryintelligence.fdi.product.realization.methodcalibration.SourceMethodIndexTests" time="0.002"/>
</testsuite>