<?xml version="1.0" encoding="UTF-8"?>
<testsuite xmlns:xsi="http://www.w3.org/2001/XMLSchema-instance" xsi:noNamespaceSchemaLocation="https://maven.apache.org/surefire/maven-surefire-plugin/xsd/surefire-test-report.xsd" version="3.0.2" name="com.featuredeliveryintelligence.fdi.validation.nextrun.NextRunGateCharacterizationTests" time="5.065" tests="81" errors="0" skipped="0" failures="0">
  <properties>
[...]
</properties>
  <testcase name="v02ReadinessIsReady" classname="com.featuredeliveryintelligence.fdi.validation.nextrun.NextRunGateCharacterizationTests" time="0.069"/>
  <testcase name="compoundForbiddenPathComponentsAreBlocked(String)[1]" classname="com.featuredeliveryintelligence.fdi.validation.nextrun.NextRunGateCharacterizationTests" time="0.071"/>
  <testcase name="compoundForbiddenPathComponentsAreBlocked(String)[2]" classname="com.featuredeliveryintelligence.fdi.validation.nextrun.NextRunGateCharacterizationTests" time="0.083"/>
  <testcase name="compoundForbiddenPathComponentsAreBlocked(String)[3]" classname="com.featuredeliveryintelligence.fdi.validation.nextrun.NextRunGateCharacterizationTests" time="0.073"/>
  <testcase name="compoundForbiddenPathComponentsAreBlocked(String)[4]" classname="com.featuredeliveryintelligence.fdi.validation.nextrun.NextRunGateCharacterizationTests" time="0.072"/>
  <testcase name="nonSymbolGranularityAcceptsAnyStringSymbol(String, String)[1]" classname="com.featuredeliveryintelligence.fdi.validation.nextrun.NextRunGateCharacterizationTests" time="0.073"/>
  <testcase name="nonSymbolGranularityAcceptsAnyStringSymbol(String, String)[2]" classname="com.featuredeliveryintelligence.fdi.validation.nextrun.NextRunGateCharacterizationTests" time="0.063"/>
  <testcase name="nonSymbolGranularityAcceptsAnyStringSymbol(String, String)[3]" classname="com.featuredeliveryintelligence.fdi.validation.nextrun.NextRunGateCharacterizationTests" time="0.061"/>
  <testcase name="nonSymbolGranularityAcceptsAnyStringSymbol(String, String)[4]" classname="com.featuredeliveryintelligence.fdi.validation.nextrun.NextRunGateCharacterizationTests" time="0.061"/>
  <testcase name="nonSymbolGranularityAcceptsAnyStringSymbol(String, String)[5]" classname="com.featuredeliveryintelligence.fdi.validation.nextrun.NextRunGateCharacterizationTests" time="0.064"/>
  <testcase name="nonSymbolGranularityAcceptsAnyStringSymbol(String, String)[6]" classname="com.featuredeliveryintelligence.fdi.validation.nextrun.NextRunGateCharacterizationTests" time="0.063"/>
  <testcase name="unresolvedRequiresNoComponents" classname="com.featuredeliveryintelligence.fdi.validation.nextrun.NextRunGateCharacterizationTests" time="0.07"/>
  <testcase name="evidenceSourceLocationRejectsWhitespaceOnly" classname="com.featuredeliveryintelligence.fdi.validation.nextrun.NextRunGateCharacterizationTests" time="0.07"/>
  <testcase name="componentPathsMatchJavaCanonicalContract(String)[1]" classname="com.featuredeliveryintelligence.fdi.validation.nextrun.NextRunGateCharacterizationTests" time="0.064"/>
  <testcase name="componentPathsMatchJavaCanonicalContract(String)[2]" classname="com.featuredeliveryintelligence.fdi.validation.nextrun.NextRunGateCharacterizationTests" time="0.069"/>
  <testcase name="componentPathsMatchJavaCanonicalContract(String)[3]" classname="com.featuredeliveryintelligence.fdi.validation.nextrun.NextRunGateCharacterizationTests" time="0.066"/>
  <testcase name="componentPathsMatchJavaCanonicalContract(String)[4]" classname="com.featuredeliveryintelligence.fdi.validation.nextrun.NextRunGateCharacterizationTests" time="0.064"/>
  <testcase name="componentPathsMatchJavaCanonicalContract(String)[5]" classname="com.featuredeliveryintelligence.fdi.validation.nextrun.NextRunGateCharacterizationTests" time="0.061"/>
  <testcase name="componentPathsMatchJavaCanonicalContract(String)[6]" classname="com.featuredeliveryintelligence.fdi.validation.nextrun.NextRunGateCharacterizationTests" time="0.061"/>
  <testcase name="componentPathsMatchJavaCanonicalContract(String)[7]" classname="com.featuredeliveryintelligence.fdi.validation.nextrun.NextRunGateCharacterizationTests" time="0.062"/>
  <testcase name="componentPathsMatchJavaCanonicalContract(String)[8]" classname="com.featuredeliveryintelligence.fdi.validation.nextrun.NextRunGateCharacterizationTests" time="0.06"/>
  <testcase name="symbolGranularityRequiresQualifiedSymbol(String)[1]" classname="com.featuredeliveryintelligence.fdi.validation.nextrun.NextRunGateCharacterizationTests" time="0.06"/>
  <testcase name="symbolGranularityRequiresQualifiedSymbol(String)[2]" classname="com.featuredeliveryintelligence.fdi.validation.nextrun.NextRunGateCharacterizationTests" time="0.059"/>
  <testcase name="symbolGranularityRequiresQualifiedSymbol(String)[3]" classname="com.featuredeliveryintelligence.fdi.validation.nextrun.NextRunGateCharacterizationTests" time="0.061"/>
  <testcase name="symbolGranularityRequiresQualifiedSymbol(String)[4]" classname="com.featuredeliveryintelligence.fdi.validation.nextrun.NextRunGateCharacterizationTests" time="0.06"/>
  <testcase name="componentIdentityRejectsBlankRequiredStrings(String)[1]" classname="com.featuredeliveryintelligence.fdi.validation.nextrun.NextRunGateCharacterizationTests" time="0.061"/>
  <testcase name="componentIdentityRejectsBlankRequiredStrings(String)[2]" classname="com.featuredeliveryintelligence.fdi.validation.nextrun.NextRunGateCharacterizationTests" time="0.061"/>
  <testcase name="componentIdentityRejectsBlankRequiredStrings(String)[3]" classname="com.featuredeliveryintelligence.fdi.validation.nextrun.NextRunGateCharacterizationTests" time="0.06"/>
  <testcase name="evidenceIdentityRejectsBlankRequiredStrings(String)[1]" classname="com.featuredeliveryintelligence.fdi.validation.nextrun.NextRunGateCharacterizationTests" time="0.065"/>
  <testcase name="evidenceIdentityRejectsBlankRequiredStrings(String)[2]" classname="com.featuredeliveryintelligence.fdi.validation.nextrun.NextRunGateCharacterizationTests" time="0.071"/>
  <testcase name="committedRunIdsAreReadFromHead(String)[1]" classname="com.featuredeliveryintelligence.fdi.validation.nextrun.NextRunGateCharacterizationTests" time="0.072"/>
  <testcase name="committedRunIdsAreReadFromHead(String)[2]" classname="com.featuredeliveryintelligence.fdi.validation.nextrun.NextRunGateCharacterizationTests" time="0.065"/>
  <testcase name="forbiddenPathCheckRejectsTaskPrefixedDirectory" classname="com.featuredeliveryintelligence.fdi.validation.nextrun.NextRunGateCharacterizationTests" time="0.061"/>
  <testcase name="forbiddenPathLogicDoesNotUseSubstrings" classname="com.featuredeliveryintelligence.fdi.validation.nextrun.NextRunGateCharacterizationTests" time="0.062"/>
  <testcase name="checkedInSchemaDeclaresDraft202012" classname="com.featuredeliveryintelligence.fdi.validation.nextrun.NextRunGateCharacterizationTests" time="0.001"/>
  <testcase name="repositoryDotPathWithEmptySymbolIsValid" classname="com.featuredeliveryintelligence.fdi.validation.nextrun.NextRunGateCharacterizationTests" time="0.061"/>
  <testcase name="proposalRejectsBlankJavaRequiredText(String)[1]" classname="com.featuredeliveryintelligence.fdi.validation.nextrun.NextRunGateCharacterizationTests" time="0.061"/>
  <testcase name="proposalRejectsBlankJavaRequiredText(String)[2]" classname="com.featuredeliveryintelligence.fdi.validation.nextrun.NextRunGateCharacterizationTests" time="0.063"/>
  <testcase name="forbiddenPathCheckNormalizesCaseAndComponents" classname="com.featuredeliveryintelligence.fdi.validation.nextrun.NextRunGateCharacterizationTests" time="0.063"/>
  <testcase name="blockedReportRenderingMatchesPythonJsonDumps" classname="com.featuredeliveryintelligence.fdi.validation.nextrun.NextRunGateCharacterizationTests" time="0.001"/>
  <testcase name="hostileContainerSubclassesAreRejectedBeforeAccess(String)[1]" classname="com.featuredeliveryintelligence.fdi.validation.nextrun.NextRunGateCharacterizationTests" time="0.051"/>
  <testcase name="hostileContainerSubclassesAreRejectedBeforeAccess(String)[2]" classname="com.featuredeliveryintelligence.fdi.validation.nextrun.NextRunGateCharacterizationTests" time="0.052"/>
  <testcase name="hostileContainerSubclassesAreRejectedBeforeAccess(String)[3]" classname="com.featuredeliveryintelligence.fdi.validation.nextrun.NextRunGateCharacterizationTests" time="0.048"/>
  <testcase name="hostileContainerSubclassesAreRejectedBeforeAccess(String)[4]" classname="com.featuredeliveryintelligence.fdi.validation.nextrun.NextRunGateCharacterizationTests" time="0.049"/>
  <testcase name="mutationsAreBlockedWithoutMappings(String, String)[1]" classname="com.featuredeliveryintelligence.fdi.validation.nextrun.NextRunGateCharacterizationTests" time="0.064"/>
  <testcase name="mutationsAreBlockedWithoutMappings(String, String)[2]" classname="com.featuredeliveryintelligence.fdi.validation.nextrun.NextRunGateCharacterizationTests" time="0.067"/>
  <testcase name="mutationsAreBlockedWithoutMappings(String, String)[3]" classname="com.featuredeliveryintelligence.fdi.validation.nextrun.NextRunGateCharacterizationTests" time="0.062"/>
  <testcase name="mutationsAreBlockedWithoutMappings(String, String)[4]" classname="com.featuredeliveryintelligence.fdi.validation.nextrun.NextRunGateCharacterizationTests" time="0.061"/>
  <testcase name="mutationsAreBlockedWithoutMappings(String, String)[5]" classname="com.featuredeliveryintelligence.fdi.validation.nextrun.NextRunGateCharacterizationTests" time="0.062"/>
  <testcase name="mutationsAreBlockedWithoutMappings(String, String)[6]" classname="com.featuredeliveryintelligence.fdi.validation.nextrun.NextRunGateCharacterizationTests" time="0.064"/>
  <testcase name="mutationsAreBlockedWithoutMappings(String, String)[7]" classname="com.featuredeliveryintelligence.fdi.validation.nextrun.NextRunGateCharacterizationTests" time="0.068"/>
  <testcase name="mutationsAreBlockedWithoutMappings(String, String)[8]" classname="com.featuredeliveryintelligence.fdi.validation.nextrun.NextRunGateCharacterizationTests" time="0.062"/>
  <testcase name="mutationsAreBlockedWithoutMappings(String, String)[9]" classname="com.featuredeliveryintelligence.fdi.validation.nextrun.NextRunGateCharacterizationTests" time="0.065"/>
  <testcase name="mutationsAreBlockedWithoutMappings(String, String)[10]" classname="com.featuredeliveryintelligence.fdi.validation.nextrun.NextRunGateCharacterizationTests" time="0.066"/>
  <testcase name="mutationsAreBlockedWithoutMappings(String, String)[11]" classname="com.featuredeliveryintelligence.fdi.validation.nextrun.NextRunGateCharacterizationTests" time="0.063"/>
  <testcase name="mutationsAreBlockedWithoutMappings(String, String)[12]" classname="com.featuredeliveryintelligence.fdi.validation.nextrun.NextRunGateCharacterizationTests" time="0.061"/>
  <testcase name="mutationsAreBlockedWithoutMappings(String, String)[13]" classname="com.featuredeliveryintelligence.fdi.validation.nextrun.NextRunGateCharacterizationTests" time="0.062"/>
  <testcase name="mutationsAreBlockedWithoutMappings(String, String)[14]" classname="com.featuredeliveryintelligence.fdi.validation.nextrun.NextRunGateCharacterizationTests" time="0.062"/>
  <testcase name="mutationsAreBlockedWithoutMappings(String, String)[15]" classname="com.featuredeliveryintelligence.fdi.validation.nextrun.NextRunGateCharacterizationTests" time="0.061"/>
  <testcase name="mutationsAreBlockedWithoutMappings(String, String)[16]" classname="com.featuredeliveryintelligence.fdi.validation.nextrun.NextRunGateCharacterizationTests" time="0.067"/>
  <testcase name="mutationsAreBlockedWithoutMappings(String, String)[17]" classname="com.featuredeliveryintelligence.fdi.validation.nextrun.NextRunGateCharacterizationTests" time="0.068"/>
  <testcase name="mutationsAreBlockedWithoutMappings(String, String)[18]" classname="com.featuredeliveryintelligence.fdi.validation.nextrun.NextRunGateCharacterizationTests" time="0.077"/>
  <testcase name="mutationsAreBlockedWithoutMappings(String, String)[19]" classname="com.featuredeliveryintelligence.fdi.validation.nextrun.NextRunGateCharacterizationTests" time="0.063"/>
  <testcase name="mutationsAreBlockedWithoutMappings(String, String)[20]" classname="com.featuredeliveryintelligence.fdi.validation.nextrun.NextRunGateCharacterizationTests" time="0.064"/>
  <testcase name="mutationsAreBlockedWithoutMappings(String, String)[21]" classname="com.featuredeliveryintelligence.fdi.validation.nextrun.NextRunGateCharacterizationTests" time="0.063"/>
  <testcase name="mutationsAreBlockedWithoutMappings(String, String)[22]" classname="com.featuredeliveryintelligence.fdi.validation.nextrun.NextRunGateCharacterizationTests" time="0.063"/>
  <testcase name="mutationsAreBlockedWithoutMappings(String, String)[23]" classname="com.featuredeliveryintelligence.fdi.validation.nextrun.NextRunGateCharacterizationTests" time="0.065"/>
  <testcase name="mutationsAreBlockedWithoutMappings(String, String)[24]" classname="com.featuredeliveryintelligence.fdi.validation.nextrun.NextRunGateCharacterizationTests" time="0.067"/>
  <testcase name="mutationsAreBlockedWithoutMappings(String, String)[25]" classname="com.featuredeliveryintelligence.fdi.validation.nextrun.NextRunGateCharacterizationTests" time="0.049"/>
  <testcase name="jsonCompatibleHostileShapesFailClosed(String)[1]" classname="com.featuredeliveryintelligence.fdi.validation.nextrun.NextRunGateCharacterizationTests" time="0.063"/>
  <testcase name="jsonCompatibleHostileShapesFailClosed(String)[2]" classname="com.featuredeliveryintelligence.fdi.validation.nextrun.NextRunGateCharacterizationTests" time="0.063"/>
  <testcase name="jsonCompatibleHostileShapesFailClosed(String)[3]" classname="com.featuredeliveryintelligence.fdi.validation.nextrun.NextRunGateCharacterizationTests" time="0.062"/>
  <testcase name="jsonCompatibleHostileShapesFailClosed(String)[4]" classname="com.featuredeliveryintelligence.fdi.validation.nextrun.NextRunGateCharacterizationTests" time="0.062"/>
  <testcase name="malformedCheckedInSchemaFailsClosed" classname="com.featuredeliveryintelligence.fdi.validation.nextrun.NextRunGateCharacterizationTests" time="0.068">
    <system-out><![CDATA[2026-09-15T12:18:40.437Z ERROR 78101 --- [           main] com.networknt.schema.PatternValidator    : Failed to compile pattern '[': Unclosed character class near index 0
[
^
2026-09-15T12:18:40.439Z  WARN 78101 --- [           main] com.networknt.schema.JsonMetaSchema      : Could not load validator pattern
]]></system-out>
  </testcase>
  <testcase name="evidencePathsAreCanonical(String)[1]" classname="com.featuredeliveryintelligence.fdi.validation.nextrun.NextRunGateCharacterizationTests" time="0.062"/>
  <testcase name="evidencePathsAreCanonical(String)[2]" classname="com.featuredeliveryintelligence.fdi.validation.nextrun.NextRunGateCharacterizationTests" time="0.061"/>
  <testcase name="evidencePathsAreCanonical(String)[3]" classname="com.featuredeliveryintelligence.fdi.validation.nextrun.NextRunGateCharacterizationTests" time="0.06"/>
  <testcase name="evidencePathsAreCanonical(String)[4]" classname="com.featuredeliveryintelligence.fdi.validation.nextrun.NextRunGateCharacterizationTests" time="0.063"/>
  <testcase name="evidencePathsAreCanonical(String)[5]" classname="com.featuredeliveryintelligence.fdi.validation.nextrun.NextRunGateCharacterizationTests" time="0.061"/>
  <testcase name="evidencePathsAreCanonical(String)[6]" classname="com.featuredeliveryintelligence.fdi.validation.nextrun.NextRunGateCharacterizationTests" time="0.063"/>
  <testcase name="malformedCommittedJsonFailsClosed" classname="com.featuredeliveryintelligence.fdi.validation.nextrun.NextRunGateCharacterizationTests" time="0.091"/>
</testsuite>